2020-06-26 14:05:01.829 INFO  [main] c.e.z.ZahtevSevicesApplicationTests - No active profile set, falling back to default profiles: default
2020-06-26 14:05:04.448 INFO  [main] o.s.d.r.c.RepositoryConfigurationDelegate - Bootstrapping Spring Data JPA repositories in DEFERRED mode.
2020-06-26 14:05:05.246 INFO  [main] o.s.d.r.c.RepositoryConfigurationDelegate - Finished Spring Data repository scanning in 777ms. Found 1 JPA repository interfaces.
2020-06-26 14:05:06.707 INFO  [main] o.s.cloud.context.scope.GenericScope - BeanFactory id=5f9656e6-a050-359b-a6c0-79dd996ea5fc
2020-06-26 14:05:10.962 INFO  [main] o.s.s.c.ThreadPoolTaskExecutor - Initializing ExecutorService 'applicationTaskExecutor'
2020-06-26 14:05:11.041 INFO  [main] o.s.s.c.ThreadPoolTaskScheduler - Initializing ExecutorService 'taskScheduler'
2020-06-26 14:05:11.283 INFO  [task-1] o.h.jpa.internal.util.LogHelper - HHH000204: Processing PersistenceUnitInfo [name: default]
2020-06-26 14:05:11.676 INFO  [task-1] org.hibernate.Version - HHH000412: Hibernate ORM core version 5.4.17.Final
2020-06-26 14:05:12.437 INFO  [main] c.n.c.sources.URLConfigurationSource - To enable URLs as dynamic configuration sources, define System property archaius.configurationSource.additionalUrls or make config.properties available on classpath.
2020-06-26 14:05:12.473 INFO  [main] c.n.c.sources.URLConfigurationSource - To enable URLs as dynamic configuration sources, define System property archaius.configurationSource.additionalUrls or make config.properties available on classpath.
2020-06-26 14:05:12.591 INFO  [task-1] o.h.annotations.common.Version - HCANN000001: Hibernate Commons Annotations {5.1.0.Final}
2020-06-26 14:05:13.413 INFO  [task-1] com.zaxxer.hikari.HikariDataSource - HikariPool-1 - Starting...
2020-06-26 14:05:14.305 INFO  [task-1] com.zaxxer.hikari.HikariDataSource - HikariPool-1 - Start completed.
2020-06-26 14:05:14.387 INFO  [task-1] org.hibernate.dialect.Dialect - HHH000400: Using dialect: org.hibernate.dialect.H2Dialect
2020-06-26 14:05:16.607 INFO  [main] o.s.b.a.h.H2ConsoleAutoConfiguration - H2 console available at '/h2-console'. Database available at 'jdbc:h2:mem:zahtevDb'
2020-06-26 14:05:18.470 INFO  [task-1] o.h.e.t.j.p.i.JtaPlatformInitiator - HHH000490: Using JtaPlatform implementation: [org.hibernate.engine.transaction.jta.platform.internal.NoJtaPlatform]
2020-06-26 14:05:18.560 INFO  [task-1] o.s.o.j.LocalContainerEntityManagerFactoryBean - Initialized JPA EntityManagerFactory for persistence unit 'default'
2020-06-26 14:05:22.938 INFO  [main] o.s.d.r.c.DeferredRepositoryInitializationListener - Triggering deferred initialization of Spring Data repositories…
2020-06-26 14:05:24.752 INFO  [main] o.s.d.r.c.DeferredRepositoryInitializationListener - Spring Data repositories initialized!
2020-06-26 14:05:24.798 INFO  [main] c.e.z.ZahtevSevicesApplicationTests - Started ZahtevSevicesApplicationTests in 29.532 seconds (JVM running for 35.731)
2020-06-26 14:05:25.257 INFO  [SpringContextShutdownHook] o.s.o.j.LocalContainerEntityManagerFactoryBean - Closing JPA EntityManagerFactory for persistence unit 'default'
2020-06-26 14:05:25.257 INFO  [SpringContextShutdownHook] o.h.t.s.i.SchemaDropperImpl$DelayedDropActionImpl - HHH000477: Starting delayed evictData of schema as part of SessionFactory shut-down'
2020-06-26 14:05:25.287 INFO  [SpringContextShutdownHook] o.s.s.c.ThreadPoolTaskScheduler - Shutting down ExecutorService 'taskScheduler'
2020-06-26 14:05:25.292 INFO  [SpringContextShutdownHook] o.s.s.c.ThreadPoolTaskExecutor - Shutting down ExecutorService 'applicationTaskExecutor'
2020-06-26 14:05:25.299 INFO  [SpringContextShutdownHook] com.zaxxer.hikari.HikariDataSource - HikariPool-1 - Shutdown initiated...
2020-06-26 14:05:25.306 INFO  [SpringContextShutdownHook] com.zaxxer.hikari.HikariDataSource - HikariPool-1 - Shutdown completed.
2020-06-26 15:13:30.746 INFO  [main] c.e.z.ZahtevSevicesApplicationTests - No active profile set, falling back to default profiles: default
2020-06-26 15:13:36.211 INFO  [main] o.s.d.r.c.RepositoryConfigurationDelegate - Bootstrapping Spring Data JPA repositories in DEFERRED mode.
2020-06-26 15:13:36.778 INFO  [main] o.s.d.r.c.RepositoryConfigurationDelegate - Finished Spring Data repository scanning in 549ms. Found 1 JPA repository interfaces.
2020-06-26 15:13:37.617 INFO  [main] o.s.cloud.context.scope.GenericScope - BeanFactory id=5f9656e6-a050-359b-a6c0-79dd996ea5fc
2020-06-26 15:13:39.307 INFO  [main] o.s.s.c.ThreadPoolTaskExecutor - Initializing ExecutorService 'applicationTaskExecutor'
2020-06-26 15:13:39.377 INFO  [main] o.s.s.c.ThreadPoolTaskScheduler - Initializing ExecutorService 'taskScheduler'
2020-06-26 15:13:39.600 INFO  [task-1] o.h.jpa.internal.util.LogHelper - HHH000204: Processing PersistenceUnitInfo [name: default]
2020-06-26 15:13:39.922 INFO  [task-1] org.hibernate.Version - HHH000412: Hibernate ORM core version 5.4.17.Final
2020-06-26 15:13:40.666 INFO  [main] c.n.c.sources.URLConfigurationSource - To enable URLs as dynamic configuration sources, define System property archaius.configurationSource.additionalUrls or make config.properties available on classpath.
2020-06-26 15:13:40.699 INFO  [main] c.n.c.sources.URLConfigurationSource - To enable URLs as dynamic configuration sources, define System property archaius.configurationSource.additionalUrls or make config.properties available on classpath.
2020-06-26 15:13:40.738 INFO  [task-1] o.h.annotations.common.Version - HCANN000001: Hibernate Commons Annotations {5.1.0.Final}
2020-06-26 15:13:41.307 INFO  [task-1] com.zaxxer.hikari.HikariDataSource - HikariPool-1 - Starting...
2020-06-26 15:13:42.993 INFO  [task-1] com.zaxxer.hikari.HikariDataSource - HikariPool-1 - Start completed.
2020-06-26 15:13:43.090 INFO  [task-1] org.hibernate.dialect.Dialect - HHH000400: Using dialect: org.hibernate.dialect.H2Dialect
2020-06-26 15:13:45.483 INFO  [main] o.s.b.a.h.H2ConsoleAutoConfiguration - H2 console available at '/h2-console'. Database available at 'jdbc:h2:mem:zahtevDb'
2020-06-26 15:13:46.149 INFO  [task-1] o.h.e.t.j.p.i.JtaPlatformInitiator - HHH000490: Using JtaPlatform implementation: [org.hibernate.engine.transaction.jta.platform.internal.NoJtaPlatform]
2020-06-26 15:13:46.266 INFO  [task-1] o.s.o.j.LocalContainerEntityManagerFactoryBean - Initialized JPA EntityManagerFactory for persistence unit 'default'
2020-06-26 15:13:47.954 INFO  [main] o.s.d.r.c.DeferredRepositoryInitializationListener - Triggering deferred initialization of Spring Data repositories…
2020-06-26 15:13:49.607 INFO  [main] o.s.d.r.c.DeferredRepositoryInitializationListener - Spring Data repositories initialized!
2020-06-26 15:13:49.663 INFO  [main] c.e.z.ZahtevSevicesApplicationTests - Started ZahtevSevicesApplicationTests in 21.985 seconds (JVM running for 26.981)
2020-06-26 15:13:50.180 INFO  [SpringContextShutdownHook] o.s.o.j.LocalContainerEntityManagerFactoryBean - Closing JPA EntityManagerFactory for persistence unit 'default'
2020-06-26 15:13:50.181 INFO  [SpringContextShutdownHook] o.h.t.s.i.SchemaDropperImpl$DelayedDropActionImpl - HHH000477: Starting delayed evictData of schema as part of SessionFactory shut-down'
2020-06-26 15:13:50.216 INFO  [SpringContextShutdownHook] o.s.s.c.ThreadPoolTaskScheduler - Shutting down ExecutorService 'taskScheduler'
2020-06-26 15:13:50.220 INFO  [SpringContextShutdownHook] o.s.s.c.ThreadPoolTaskExecutor - Shutting down ExecutorService 'applicationTaskExecutor'
2020-06-26 15:13:50.221 INFO  [SpringContextShutdownHook] com.zaxxer.hikari.HikariDataSource - HikariPool-1 - Shutdown initiated...
2020-06-26 15:13:50.234 INFO  [SpringContextShutdownHook] com.zaxxer.hikari.HikariDataSource - HikariPool-1 - Shutdown completed.
