2020-06-26 13:58:28.419 INFO  [main] c.e.a.AdninServiceApplicationTests - No active profile set, falling back to default profiles: default
2020-06-26 13:58:32.596 INFO  [main] o.s.d.r.c.RepositoryConfigurationDelegate - Bootstrapping Spring Data JPA repositories in DEFERRED mode.
2020-06-26 13:58:33.733 INFO  [main] o.s.d.r.c.RepositoryConfigurationDelegate - Finished Spring Data repository scanning in 1098ms. Found 10 JPA repository interfaces.
2020-06-26 13:58:34.827 INFO  [main] o.s.cloud.context.scope.GenericScope - BeanFactory id=650babce-04a3-354d-9e36-cdbfc47d7a40
2020-06-26 13:58:41.093 INFO  [main] o.s.s.c.ThreadPoolTaskExecutor - Initializing ExecutorService 'applicationTaskExecutor'
2020-06-26 13:58:41.463 INFO  [task-1] o.h.jpa.internal.util.LogHelper - HHH000204: Processing PersistenceUnitInfo [name: default]
2020-06-26 13:58:41.818 INFO  [task-1] org.hibernate.Version - HHH000412: Hibernate ORM core version 5.4.15.Final
2020-06-26 13:58:43.150 INFO  [task-1] o.h.annotations.common.Version - HCANN000001: Hibernate Commons Annotations {5.1.0.Final}
2020-06-26 13:58:43.296 INFO  [main] c.n.c.sources.URLConfigurationSource - To enable URLs as dynamic configuration sources, define System property archaius.configurationSource.additionalUrls or make config.properties available on classpath.
2020-06-26 13:58:43.386 INFO  [main] c.n.c.sources.URLConfigurationSource - To enable URLs as dynamic configuration sources, define System property archaius.configurationSource.additionalUrls or make config.properties available on classpath.
2020-06-26 13:58:43.804 INFO  [task-1] com.zaxxer.hikari.HikariDataSource - HikariPool-1 - Starting...
2020-06-26 13:58:45.446 INFO  [task-1] com.zaxxer.hikari.HikariDataSource - HikariPool-1 - Start completed.
2020-06-26 13:58:45.565 INFO  [task-1] org.hibernate.dialect.Dialect - HHH000400: Using dialect: org.hibernate.dialect.H2Dialect
2020-06-26 13:58:49.677 INFO  [task-1] o.h.e.t.j.p.i.JtaPlatformInitiator - HHH000490: Using JtaPlatform implementation: [org.hibernate.engine.transaction.jta.platform.internal.NoJtaPlatform]
2020-06-26 13:58:49.797 INFO  [task-1] o.s.o.j.LocalContainerEntityManagerFactoryBean - Initialized JPA EntityManagerFactory for persistence unit 'default'
2020-06-26 13:58:56.534 INFO  [main] o.s.b.a.h.H2ConsoleAutoConfiguration - H2 console available at '/h2-console'. Database available at 'jdbc:h2:mem:myDb'
2020-06-26 13:58:57.464 INFO  [main] o.s.d.r.c.DeferredRepositoryInitializationListener - Triggering deferred initialization of Spring Data repositories…
2020-06-26 13:58:58.430 INFO  [main] o.s.d.r.c.DeferredRepositoryInitializationListener - Spring Data repositories initialized!
2020-06-26 13:58:58.474 INFO  [main] c.e.a.AdninServiceApplicationTests - Started AdninServiceApplicationTests in 34.172 seconds (JVM running for 40.063)
2020-06-26 13:58:59.697 INFO  [SpringContextShutdownHook] o.s.o.j.LocalContainerEntityManagerFactoryBean - Closing JPA EntityManagerFactory for persistence unit 'default'
2020-06-26 13:58:59.699 INFO  [SpringContextShutdownHook] o.h.t.s.i.SchemaDropperImpl$DelayedDropActionImpl - HHH000477: Starting delayed evictData of schema as part of SessionFactory shut-down'
2020-06-26 13:58:59.787 INFO  [SpringContextShutdownHook] o.s.s.c.ThreadPoolTaskExecutor - Shutting down ExecutorService 'applicationTaskExecutor'
2020-06-26 13:58:59.788 INFO  [SpringContextShutdownHook] com.zaxxer.hikari.HikariDataSource - HikariPool-1 - Shutdown initiated...
2020-06-26 13:58:59.800 INFO  [SpringContextShutdownHook] com.zaxxer.hikari.HikariDataSource - HikariPool-1 - Shutdown completed.
2020-06-26 15:30:52.430 INFO  [main] c.e.a.AdninServiceApplicationTests - No active profile set, falling back to default profiles: default
2020-06-26 15:30:57.143 INFO  [main] o.s.d.r.c.RepositoryConfigurationDelegate - Bootstrapping Spring Data JPA repositories in DEFERRED mode.
2020-06-26 15:30:58.275 INFO  [main] o.s.d.r.c.RepositoryConfigurationDelegate - Finished Spring Data repository scanning in 1025ms. Found 10 JPA repository interfaces.
2020-06-26 15:30:59.692 INFO  [main] o.s.cloud.context.scope.GenericScope - BeanFactory id=06cd2fb3-d3fa-3113-8843-059a25989128
2020-06-26 15:31:04.845 INFO  [main] o.s.s.c.ThreadPoolTaskExecutor - Initializing ExecutorService 'applicationTaskExecutor'
2020-06-26 15:31:05.161 INFO  [task-1] o.h.jpa.internal.util.LogHelper - HHH000204: Processing PersistenceUnitInfo [name: default]
2020-06-26 15:31:05.697 INFO  [task-1] org.hibernate.Version - HHH000412: Hibernate ORM core version 5.4.15.Final
2020-06-26 15:31:06.594 INFO  [task-1] o.h.annotations.common.Version - HCANN000001: Hibernate Commons Annotations {5.1.0.Final}
2020-06-26 15:31:07.355 INFO  [main] c.n.c.sources.URLConfigurationSource - To enable URLs as dynamic configuration sources, define System property archaius.configurationSource.additionalUrls or make config.properties available on classpath.
2020-06-26 15:31:07.382 INFO  [main] c.n.c.sources.URLConfigurationSource - To enable URLs as dynamic configuration sources, define System property archaius.configurationSource.additionalUrls or make config.properties available on classpath.
2020-06-26 15:31:07.449 INFO  [task-1] com.zaxxer.hikari.HikariDataSource - HikariPool-1 - Starting...
2020-06-26 15:31:08.872 INFO  [task-1] com.zaxxer.hikari.HikariDataSource - HikariPool-1 - Start completed.
2020-06-26 15:31:08.979 INFO  [task-1] org.hibernate.dialect.Dialect - HHH000400: Using dialect: org.hibernate.dialect.H2Dialect
2020-06-26 15:31:12.551 INFO  [task-1] o.h.e.t.j.p.i.JtaPlatformInitiator - HHH000490: Using JtaPlatform implementation: [org.hibernate.engine.transaction.jta.platform.internal.NoJtaPlatform]
2020-06-26 15:31:12.607 INFO  [task-1] o.s.o.j.LocalContainerEntityManagerFactoryBean - Initialized JPA EntityManagerFactory for persistence unit 'default'
2020-06-26 15:31:20.599 INFO  [main] o.s.b.a.h.H2ConsoleAutoConfiguration - H2 console available at '/h2-console'. Database available at 'jdbc:h2:mem:myDb'
2020-06-26 15:31:22.362 INFO  [main] o.s.d.r.c.DeferredRepositoryInitializationListener - Triggering deferred initialization of Spring Data repositories…
2020-06-26 15:31:23.650 INFO  [main] o.s.d.r.c.DeferredRepositoryInitializationListener - Spring Data repositories initialized!
2020-06-26 15:31:23.979 INFO  [main] c.e.a.AdninServiceApplicationTests - Started AdninServiceApplicationTests in 34.467 seconds (JVM running for 40.211)
2020-06-26 15:31:24.838 INFO  [SpringContextShutdownHook] o.s.o.j.LocalContainerEntityManagerFactoryBean - Closing JPA EntityManagerFactory for persistence unit 'default'
2020-06-26 15:31:24.844 INFO  [SpringContextShutdownHook] o.h.t.s.i.SchemaDropperImpl$DelayedDropActionImpl - HHH000477: Starting delayed evictData of schema as part of SessionFactory shut-down'
2020-06-26 15:31:24.957 INFO  [SpringContextShutdownHook] o.s.s.c.ThreadPoolTaskExecutor - Shutting down ExecutorService 'applicationTaskExecutor'
2020-06-26 15:31:24.971 INFO  [SpringContextShutdownHook] com.zaxxer.hikari.HikariDataSource - HikariPool-1 - Shutdown initiated...
2020-06-26 15:31:24.991 INFO  [SpringContextShutdownHook] com.zaxxer.hikari.HikariDataSource - HikariPool-1 - Shutdown completed.
2020-06-26 16:13:38.800 INFO  [main] c.e.a.AdninServiceApplicationTests - No active profile set, falling back to default profiles: default
2020-06-26 16:13:43.053 INFO  [main] o.s.d.r.c.RepositoryConfigurationDelegate - Bootstrapping Spring Data JPA repositories in DEFERRED mode.
2020-06-26 16:13:44.789 INFO  [main] o.s.d.r.c.RepositoryConfigurationDelegate - Finished Spring Data repository scanning in 1674ms. Found 10 JPA repository interfaces.
2020-06-26 16:13:46.506 INFO  [main] o.s.cloud.context.scope.GenericScope - BeanFactory id=06cd2fb3-d3fa-3113-8843-059a25989128
2020-06-26 16:13:50.415 INFO  [main] o.s.s.c.ThreadPoolTaskExecutor - Initializing ExecutorService 'applicationTaskExecutor'
2020-06-26 16:13:50.710 INFO  [task-1] o.h.jpa.internal.util.LogHelper - HHH000204: Processing PersistenceUnitInfo [name: default]
2020-06-26 16:13:51.184 INFO  [task-1] org.hibernate.Version - HHH000412: Hibernate ORM core version 5.4.15.Final
2020-06-26 16:13:52.111 INFO  [task-1] o.h.annotations.common.Version - HCANN000001: Hibernate Commons Annotations {5.1.0.Final}
2020-06-26 16:13:53.114 INFO  [main] c.n.c.sources.URLConfigurationSource - To enable URLs as dynamic configuration sources, define System property archaius.configurationSource.additionalUrls or make config.properties available on classpath.
2020-06-26 16:13:53.157 INFO  [main] c.n.c.sources.URLConfigurationSource - To enable URLs as dynamic configuration sources, define System property archaius.configurationSource.additionalUrls or make config.properties available on classpath.
2020-06-26 16:13:53.384 INFO  [task-1] com.zaxxer.hikari.HikariDataSource - HikariPool-1 - Starting...
2020-06-26 16:13:54.661 INFO  [task-1] com.zaxxer.hikari.HikariDataSource - HikariPool-1 - Start completed.
2020-06-26 16:13:54.726 INFO  [task-1] org.hibernate.dialect.Dialect - HHH000400: Using dialect: org.hibernate.dialect.H2Dialect
2020-06-26 16:13:59.284 INFO  [task-1] o.h.e.t.j.p.i.JtaPlatformInitiator - HHH000490: Using JtaPlatform implementation: [org.hibernate.engine.transaction.jta.platform.internal.NoJtaPlatform]
2020-06-26 16:13:59.459 INFO  [task-1] o.s.o.j.LocalContainerEntityManagerFactoryBean - Initialized JPA EntityManagerFactory for persistence unit 'default'
2020-06-26 16:14:09.611 INFO  [main] o.s.b.a.h.H2ConsoleAutoConfiguration - H2 console available at '/h2-console'. Database available at 'jdbc:h2:mem:myDb'
2020-06-26 16:14:11.203 INFO  [main] o.s.d.r.c.DeferredRepositoryInitializationListener - Triggering deferred initialization of Spring Data repositories…
2020-06-26 16:14:12.629 INFO  [main] o.s.d.r.c.DeferredRepositoryInitializationListener - Spring Data repositories initialized!
2020-06-26 16:14:12.818 INFO  [main] c.e.a.AdninServiceApplicationTests - Started AdninServiceApplicationTests in 38.615 seconds (JVM running for 46.076)
2020-06-26 16:14:13.834 INFO  [SpringContextShutdownHook] o.s.o.j.LocalContainerEntityManagerFactoryBean - Closing JPA EntityManagerFactory for persistence unit 'default'
2020-06-26 16:14:13.836 INFO  [SpringContextShutdownHook] o.h.t.s.i.SchemaDropperImpl$DelayedDropActionImpl - HHH000477: Starting delayed evictData of schema as part of SessionFactory shut-down'
2020-06-26 16:14:14.074 INFO  [SpringContextShutdownHook] o.s.s.c.ThreadPoolTaskExecutor - Shutting down ExecutorService 'applicationTaskExecutor'
2020-06-26 16:14:14.091 INFO  [SpringContextShutdownHook] com.zaxxer.hikari.HikariDataSource - HikariPool-1 - Shutdown initiated...
2020-06-26 16:14:14.109 INFO  [SpringContextShutdownHook] com.zaxxer.hikari.HikariDataSource - HikariPool-1 - Shutdown completed.
2020-06-26 16:31:50.300 INFO  [main] c.e.a.AdninServiceApplicationTests - No active profile set, falling back to default profiles: default
2020-06-26 16:31:53.648 INFO  [main] o.s.d.r.c.RepositoryConfigurationDelegate - Bootstrapping Spring Data JPA repositories in DEFERRED mode.
2020-06-26 16:31:54.383 INFO  [main] o.s.d.r.c.RepositoryConfigurationDelegate - Finished Spring Data repository scanning in 704ms. Found 10 JPA repository interfaces.
2020-06-26 16:31:57.095 INFO  [main] o.s.cloud.context.scope.GenericScope - BeanFactory id=06cd2fb3-d3fa-3113-8843-059a25989128
2020-06-26 16:32:00.471 INFO  [main] o.s.s.c.ThreadPoolTaskExecutor - Initializing ExecutorService 'applicationTaskExecutor'
2020-06-26 16:32:00.772 INFO  [task-1] o.h.jpa.internal.util.LogHelper - HHH000204: Processing PersistenceUnitInfo [name: default]
2020-06-26 16:32:01.087 INFO  [task-1] org.hibernate.Version - HHH000412: Hibernate ORM core version 5.4.15.Final
2020-06-26 16:32:06.106 INFO  [task-1] o.h.annotations.common.Version - HCANN000001: Hibernate Commons Annotations {5.1.0.Final}
2020-06-26 16:32:07.004 INFO  [main] c.n.c.sources.URLConfigurationSource - To enable URLs as dynamic configuration sources, define System property archaius.configurationSource.additionalUrls or make config.properties available on classpath.
2020-06-26 16:32:07.036 INFO  [main] c.n.c.sources.URLConfigurationSource - To enable URLs as dynamic configuration sources, define System property archaius.configurationSource.additionalUrls or make config.properties available on classpath.
2020-06-26 16:32:07.285 INFO  [task-1] com.zaxxer.hikari.HikariDataSource - HikariPool-1 - Starting...
2020-06-26 16:32:08.122 INFO  [task-1] com.zaxxer.hikari.HikariDataSource - HikariPool-1 - Start completed.
2020-06-26 16:32:08.192 INFO  [task-1] org.hibernate.dialect.Dialect - HHH000400: Using dialect: org.hibernate.dialect.H2Dialect
2020-06-26 16:32:11.750 INFO  [task-1] o.h.e.t.j.p.i.JtaPlatformInitiator - HHH000490: Using JtaPlatform implementation: [org.hibernate.engine.transaction.jta.platform.internal.NoJtaPlatform]
2020-06-26 16:32:12.076 INFO  [task-1] o.s.o.j.LocalContainerEntityManagerFactoryBean - Initialized JPA EntityManagerFactory for persistence unit 'default'
2020-06-26 16:32:21.168 INFO  [main] o.s.b.a.h.H2ConsoleAutoConfiguration - H2 console available at '/h2-console'. Database available at 'jdbc:h2:mem:myDb'
2020-06-26 16:32:22.366 INFO  [main] o.s.d.r.c.DeferredRepositoryInitializationListener - Triggering deferred initialization of Spring Data repositories…
2020-06-26 16:32:23.054 INFO  [main] o.s.d.r.c.DeferredRepositoryInitializationListener - Spring Data repositories initialized!
2020-06-26 16:32:23.096 INFO  [main] c.e.a.AdninServiceApplicationTests - Started AdninServiceApplicationTests in 35.595 seconds (JVM running for 42.129)
2020-06-26 16:32:25.351 INFO  [SpringContextShutdownHook] o.s.o.j.LocalContainerEntityManagerFactoryBean - Closing JPA EntityManagerFactory for persistence unit 'default'
2020-06-26 16:32:25.402 INFO  [SpringContextShutdownHook] o.h.t.s.i.SchemaDropperImpl$DelayedDropActionImpl - HHH000477: Starting delayed evictData of schema as part of SessionFactory shut-down'
2020-06-26 16:32:25.554 INFO  [SpringContextShutdownHook] o.s.s.c.ThreadPoolTaskExecutor - Shutting down ExecutorService 'applicationTaskExecutor'
2020-06-26 16:32:25.563 INFO  [SpringContextShutdownHook] com.zaxxer.hikari.HikariDataSource - HikariPool-1 - Shutdown initiated...
2020-06-26 16:32:25.625 INFO  [SpringContextShutdownHook] com.zaxxer.hikari.HikariDataSource - HikariPool-1 - Shutdown completed.
